This file contains any messages produced by compilers while
running configure, to aid debugging if configure makes a mistake.

It was created by configure.in configure 1.0.20110606, which was
generated by GNU Autoconf 2.67.  Invocation command line was

  $ ./configure CC=/usr/bin/gcc CXX=/usr/bin/g++ CFLAGS=-g3 -gdwarf-2 CXXFLAGS=-g3 -gdwarf-2

## --------- ##
## Platform. ##
## --------- ##

hostname = Debian-OptiPlex-760
uname -m = x86_64
uname -r = 4.13.0-45-generic
uname -s = Linux
uname -v = #50-Ubuntu SMP Wed May 30 08:23:18 UTC 2018

/usr/bin/uname -p = unknown
/bin/uname -X     = unknown

/bin/arch              = unknown
/usr/bin/arch -k       = unknown
/usr/convex/getsysinfo = unknown
/usr/bin/hostinfo      = unknown
/bin/machine           = unknown
/usr/bin/oslevel       = unknown
/bin/universe          = unknown

PATH: /usr/bin
PATH: /home/bbl2/bin
PATH: /usr/local/sbin
PATH: /usr/local/bin
PATH: /usr/sbin
PATH: /usr/bin
PATH: /sbin
PATH: /bin
PATH: /usr/games
PATH: /usr/local/games
PATH: /snap/bin


## ----------- ##
## Core tests. ##
## ----------- ##

configure:2228: checking build system type
configure:2242: result: x86_64-unknown-linux-gnu
configure:2262: checking host system type
configure:2275: result: x86_64-unknown-linux-gnu
configure:2295: checking target system type
configure:2308: result: x86_64-unknown-linux-gnu
configure:2351: checking for a BSD-compatible install
configure:2419: result: /usr/bin/install -c
configure:2430: checking whether build environment is sane
configure:2480: result: yes
configure:2621: checking for a thread-safe mkdir -p
configure:2660: result: /bin/mkdir -p
configure:2673: checking for gawk
configure:2689: found /usr/bin/gawk
configure:2700: result: gawk
configure:2711: checking whether make sets $(MAKE)
configure:2733: result: yes
configure:2816: checking whether to enable maintainer-specific portions of Makefiles
configure:2825: result: no
configure:2839: checking whether NLS is requested
configure:2848: result: yes
configure:2889: checking for msgfmt
configure: trying /usr/bin/msgfmt...
0 translated messages.
configure:2921: result: /usr/bin/msgfmt
configure:2930: checking for gmsgfmt
configure:2961: result: /usr/bin/msgfmt
configure:3012: checking for xgettext
configure: trying /usr/bin/xgettext...
/usr/bin/xgettext: warning: file '/dev/null' extension '' is unknown; will try C
configure:3044: result: /usr/bin/xgettext
configure:3090: checking for msgmerge
configure: trying /usr/bin/msgmerge...
configure:3121: result: /usr/bin/msgmerge
configure:3166: checking for style of include used by make
configure:3194: result: GNU
configure:3264: checking for gcc
configure:3291: result: /usr/bin/gcc
configure:3520: checking for C compiler version
configure:3529: /usr/bin/gcc --version >&5
gcc (Ubuntu 7.2.0-8ubuntu3.2) 7.2.0
Copyright (C) 2017 Free Software Foundation, Inc.
This is free software; see the source for copying conditions.  There is NO
warranty; not even for MERCHANTABILITY or FITNESS FOR A PARTICULAR PURPOSE.

configure:3540: $? = 0
configure:3529: /usr/bin/gcc -v >&5
Using built-in specs.
COLLECT_GCC=/usr/bin/gcc
COLLECT_LTO_WRAPPER=/usr/lib/gcc/x86_64-linux-gnu/7/lto-wrapper
OFFLOAD_TARGET_NAMES=nvptx-none
OFFLOAD_TARGET_DEFAULT=1
Target: x86_64-linux-gnu
Configured with: ../src/configure -v --with-pkgversion='Ubuntu 7.2.0-8ubuntu3.2' --with-bugurl=file:///usr/share/doc/gcc-7/README.Bugs --enable-languages=c,ada,c++,go,brig,d,fortran,objc,obj-c++ --prefix=/usr --with-gcc-major-version-only --program-suffix=-7 --program-prefix=x86_64-linux-gnu- --enable-shared --enable-linker-build-id --libexecdir=/usr/lib --without-included-gettext --enable-threads=posix --libdir=/usr/lib --enable-nls --with-sysroot=/ --enable-clocale=gnu --enable-libstdcxx-debug --enable-libstdcxx-time=yes --with-default-libstdcxx-abi=new --enable-gnu-unique-object --disable-vtable-verify --enable-libmpx --enable-plugin --enable-default-pie --with-system-zlib --with-target-system-zlib --enable-objc-gc=auto --enable-multiarch --disable-werror --with-arch-32=i686 --with-abi=m64 --with-multilib-list=m32,m64,mx32 --enable-multilib --with-tune=generic --enable-offload-targets=nvptx-none --without-cuda-driver --enable-checking=release --build=x86_64-linux-gnu --host=x86_64-linux-gnu --target=x86_64-linux-gnu
Thread model: posix
gcc version 7.2.0 (Ubuntu 7.2.0-8ubuntu3.2) 
configure:3540: $? = 0
configure:3529: /usr/bin/gcc -V >&5
gcc: error: unrecognized command line option '-V'
gcc: fatal error: no input files
compilation terminated.
configure:3540: $? = 1
configure:3529: /usr/bin/gcc -qversion >&5
gcc: error: unrecognized command line option '-qversion'; did you mean '--version'?
gcc: fatal error: no input files
compilation terminated.
configure:3540: $? = 1
configure:3560: checking whether the C compiler works
configure:3582: /usr/bin/gcc -g3 -gdwarf-2   conftest.c  >&5
configure:3586: $? = 0
configure:3634: result: yes
configure:3637: checking for C compiler default output file name
configure:3639: result: a.out
configure:3645: checking for suffix of executables
configure:3652: /usr/bin/gcc -o conftest -g3 -gdwarf-2   conftest.c  >&5
configure:3656: $? = 0
configure:3678: result: 
configure:3700: checking whether we are cross compiling
configure:3708: /usr/bin/gcc -o conftest -g3 -gdwarf-2   conftest.c  >&5
configure:3712: $? = 0
configure:3719: ./conftest
configure:3723: $? = 0
configure:3738: result: no
configure:3743: checking for suffix of object files
configure:3765: /usr/bin/gcc -c -g3 -gdwarf-2  conftest.c >&5
configure:3769: $? = 0
configure:3790: result: o
configure:3794: checking whether we are using the GNU C compiler
configure:3813: /usr/bin/gcc -c -g3 -gdwarf-2  conftest.c >&5
configure:3813: $? = 0
configure:3822: result: yes
configure:3831: checking whether /usr/bin/gcc accepts -g
configure:3851: /usr/bin/gcc -c -g  conftest.c >&5
configure:3851: $? = 0
configure:3892: result: yes
configure:3909: checking for /usr/bin/gcc option to accept ISO C89
configure:3973: /usr/bin/gcc  -c -g3 -gdwarf-2  conftest.c >&5
configure:3973: $? = 0
configure:3986: result: none needed
configure:4008: checking dependency style of /usr/bin/gcc
configure:4118: result: gcc3
configure:4157: checking for ld used by GCC
configure:4221: result: /usr/bin/ld
configure:4228: checking if the linker (/usr/bin/ld) is GNU ld
configure:4241: result: yes
configure:4248: checking for shared library run path origin
configure:4261: result: done
configure:4286: checking how to run the C preprocessor
configure:4317: /usr/bin/gcc -E  conftest.c
configure:4317: $? = 0
configure:4331: /usr/bin/gcc -E  conftest.c
conftest.c:11:10: fatal error: ac_nonexistent.h: No such file or directory
 #include <ac_nonexistent.h>
          ^~~~~~~~~~~~~~~~~~
compilation terminated.
configure:4331: $? = 1
configure: failed program was:
| /* confdefs.h */
| #define PACKAGE_NAME "configure.in"
| #define PACKAGE_TARNAME "configure-in"
| #define PACKAGE_VERSION "1.0.20110606"
| #define PACKAGE_STRING "configure.in 1.0.20110606"
| #define PACKAGE_BUGREPORT "http://gnaural.sourceforge.net/"
| #define PACKAGE_URL ""
| #define PACKAGE "gnaural"
| #define VERSION "1.0.20110606"
| /* end confdefs.h.  */
| #include <ac_nonexistent.h>
configure:4356: result: /usr/bin/gcc -E
configure:4376: /usr/bin/gcc -E  conftest.c
configure:4376: $? = 0
configure:4390: /usr/bin/gcc -E  conftest.c
conftest.c:11:10: fatal error: ac_nonexistent.h: No such file or directory
 #include <ac_nonexistent.h>
          ^~~~~~~~~~~~~~~~~~
compilation terminated.
configure:4390: $? = 1
configure: failed program was:
| /* confdefs.h */
| #define PACKAGE_NAME "configure.in"
| #define PACKAGE_TARNAME "configure-in"
| #define PACKAGE_VERSION "1.0.20110606"
| #define PACKAGE_STRING "configure.in 1.0.20110606"
| #define PACKAGE_BUGREPORT "http://gnaural.sourceforge.net/"
| #define PACKAGE_URL ""
| #define PACKAGE "gnaural"
| #define VERSION "1.0.20110606"
| /* end confdefs.h.  */
| #include <ac_nonexistent.h>
configure:4419: checking for grep that handles long lines and -e
configure:4477: result: /bin/grep
configure:4482: checking for egrep
configure:4544: result: /bin/grep -E
configure:5102: checking for CFPreferencesCopyAppValue
configure:5120: /usr/bin/gcc -o conftest -g3 -gdwarf-2   conftest.c  -Wl,-framework -Wl,CoreFoundation >&5
conftest.c:11:10: fatal error: CoreFoundation/CFPreferences.h: No such file or directory
 #include <CoreFoundation/CFPreferences.h>
          ^~~~~~~~~~~~~~~~~~~~~~~~~~~~~~~~
compilation terminated.
configure:5120: $? = 1
configure: failed program was:
| /* confdefs.h */
| #define PACKAGE_NAME "configure.in"
| #define PACKAGE_TARNAME "configure-in"
| #define PACKAGE_VERSION "1.0.20110606"
| #define PACKAGE_STRING "configure.in 1.0.20110606"
| #define PACKAGE_BUGREPORT "http://gnaural.sourceforge.net/"
| #define PACKAGE_URL ""
| #define PACKAGE "gnaural"
| #define VERSION "1.0.20110606"
| /* end confdefs.h.  */
| #include <CoreFoundation/CFPreferences.h>
| int
| main ()
| {
| CFPreferencesCopyAppValue(NULL, NULL)
|   ;
|   return 0;
| }
configure:5129: result: no
configure:5136: checking for CFLocaleCopyCurrent
configure:5154: /usr/bin/gcc -o conftest -g3 -gdwarf-2   conftest.c  -Wl,-framework -Wl,CoreFoundation >&5
conftest.c:11:10: fatal error: CoreFoundation/CFLocale.h: No such file or directory
 #include <CoreFoundation/CFLocale.h>
          ^~~~~~~~~~~~~~~~~~~~~~~~~~~
compilation terminated.
configure:5154: $? = 1
configure: failed program was:
| /* confdefs.h */
| #define PACKAGE_NAME "configure.in"
| #define PACKAGE_TARNAME "configure-in"
| #define PACKAGE_VERSION "1.0.20110606"
| #define PACKAGE_STRING "configure.in 1.0.20110606"
| #define PACKAGE_BUGREPORT "http://gnaural.sourceforge.net/"
| #define PACKAGE_URL ""
| #define PACKAGE "gnaural"
| #define VERSION "1.0.20110606"
| /* end confdefs.h.  */
| #include <CoreFoundation/CFLocale.h>
| int
| main ()
| {
| CFLocaleCopyCurrent();
|   ;
|   return 0;
| }
configure:5163: result: no
configure:5212: checking for GNU gettext in libc
configure:5232: /usr/bin/gcc -o conftest -g3 -gdwarf-2   conftest.c  >&5
configure:5232: $? = 0
configure:5241: result: yes
configure:6032: checking whether to use NLS
configure:6034: result: yes
configure:6037: checking where the gettext function comes from
configure:6048: result: libc
configure:6106: checking for library containing strerror
configure:6137: /usr/bin/gcc -o conftest -g3 -gdwarf-2   conftest.c  >&5
configure:6137: $? = 0
configure:6154: result: none required
configure:6210: checking for gcc
configure:6237: result: /usr/bin/gcc
configure:6466: checking for C compiler version
configure:6475: /usr/bin/gcc --version >&5
gcc (Ubuntu 7.2.0-8ubuntu3.2) 7.2.0
Copyright (C) 2017 Free Software Foundation, Inc.
This is free software; see the source for copying conditions.  There is NO
warranty; not even for MERCHANTABILITY or FITNESS FOR A PARTICULAR PURPOSE.

configure:6486: $? = 0
configure:6475: /usr/bin/gcc -v >&5
Using built-in specs.
COLLECT_GCC=/usr/bin/gcc
COLLECT_LTO_WRAPPER=/usr/lib/gcc/x86_64-linux-gnu/7/lto-wrapper
OFFLOAD_TARGET_NAMES=nvptx-none
OFFLOAD_TARGET_DEFAULT=1
Target: x86_64-linux-gnu
Configured with: ../src/configure -v --with-pkgversion='Ubuntu 7.2.0-8ubuntu3.2' --with-bugurl=file:///usr/share/doc/gcc-7/README.Bugs --enable-languages=c,ada,c++,go,brig,d,fortran,objc,obj-c++ --prefix=/usr --with-gcc-major-version-only --program-suffix=-7 --program-prefix=x86_64-linux-gnu- --enable-shared --enable-linker-build-id --libexecdir=/usr/lib --without-included-gettext --enable-threads=posix --libdir=/usr/lib --enable-nls --with-sysroot=/ --enable-clocale=gnu --enable-libstdcxx-debug --enable-libstdcxx-time=yes --with-default-libstdcxx-abi=new --enable-gnu-unique-object --disable-vtable-verify --enable-libmpx --enable-plugin --enable-default-pie --with-system-zlib --with-target-system-zlib --enable-objc-gc=auto --enable-multiarch --disable-werror --with-arch-32=i686 --with-abi=m64 --with-multilib-list=m32,m64,mx32 --enable-multilib --with-tune=generic --enable-offload-targets=nvptx-none --without-cuda-driver --enable-checking=release --build=x86_64-linux-gnu --host=x86_64-linux-gnu --target=x86_64-linux-gnu
Thread model: posix
gcc version 7.2.0 (Ubuntu 7.2.0-8ubuntu3.2) 
configure:6486: $? = 0
configure:6475: /usr/bin/gcc -V >&5
gcc: error: unrecognized command line option '-V'
gcc: fatal error: no input files
compilation terminated.
configure:6486: $? = 1
configure:6475: /usr/bin/gcc -qversion >&5
gcc: error: unrecognized command line option '-qversion'; did you mean '--version'?
gcc: fatal error: no input files
compilation terminated.
configure:6486: $? = 1
configure:6490: checking whether we are using the GNU C compiler
configure:6518: result: yes
configure:6527: checking whether /usr/bin/gcc accepts -g
configure:6588: result: yes
configure:6605: checking for /usr/bin/gcc option to accept ISO C89
configure:6682: result: none needed
configure:6704: checking dependency style of /usr/bin/gcc
configure:6814: result: gcc3
configure:6877: checking for gcc
configure:6904: result: /usr/bin/gcc
configure:7133: checking for C compiler version
configure:7142: /usr/bin/gcc --version >&5
gcc (Ubuntu 7.2.0-8ubuntu3.2) 7.2.0
Copyright (C) 2017 Free Software Foundation, Inc.
This is free software; see the source for copying conditions.  There is NO
warranty; not even for MERCHANTABILITY or FITNESS FOR A PARTICULAR PURPOSE.

configure:7153: $? = 0
configure:7142: /usr/bin/gcc -v >&5
Using built-in specs.
COLLECT_GCC=/usr/bin/gcc
COLLECT_LTO_WRAPPER=/usr/lib/gcc/x86_64-linux-gnu/7/lto-wrapper
OFFLOAD_TARGET_NAMES=nvptx-none
OFFLOAD_TARGET_DEFAULT=1
Target: x86_64-linux-gnu
Configured with: ../src/configure -v --with-pkgversion='Ubuntu 7.2.0-8ubuntu3.2' --with-bugurl=file:///usr/share/doc/gcc-7/README.Bugs --enable-languages=c,ada,c++,go,brig,d,fortran,objc,obj-c++ --prefix=/usr --with-gcc-major-version-only --program-suffix=-7 --program-prefix=x86_64-linux-gnu- --enable-shared --enable-linker-build-id --libexecdir=/usr/lib --without-included-gettext --enable-threads=posix --libdir=/usr/lib --enable-nls --with-sysroot=/ --enable-clocale=gnu --enable-libstdcxx-debug --enable-libstdcxx-time=yes --with-default-libstdcxx-abi=new --enable-gnu-unique-object --disable-vtable-verify --enable-libmpx --enable-plugin --enable-default-pie --with-system-zlib --with-target-system-zlib --enable-objc-gc=auto --enable-multiarch --disable-werror --with-arch-32=i686 --with-abi=m64 --with-multilib-list=m32,m64,mx32 --enable-multilib --with-tune=generic --enable-offload-targets=nvptx-none --without-cuda-driver --enable-checking=release --build=x86_64-linux-gnu --host=x86_64-linux-gnu --target=x86_64-linux-gnu
Thread model: posix
gcc version 7.2.0 (Ubuntu 7.2.0-8ubuntu3.2) 
configure:7153: $? = 0
configure:7142: /usr/bin/gcc -V >&5
gcc: error: unrecognized command line option '-V'
gcc: fatal error: no input files
compilation terminated.
configure:7153: $? = 1
configure:7142: /usr/bin/gcc -qversion >&5
gcc: error: unrecognized command line option '-qversion'; did you mean '--version'?
gcc: fatal error: no input files
compilation terminated.
configure:7153: $? = 1
configure:7157: checking whether we are using the GNU C compiler
configure:7185: result: yes
configure:7194: checking whether /usr/bin/gcc accepts -g
configure:7255: result: yes
configure:7272: checking for /usr/bin/gcc option to accept ISO C89
configure:7349: result: none needed
configure:7371: checking dependency style of /usr/bin/gcc
configure:7481: result: gcc3
configure:7499: checking for ANSI C header files
configure:7519: /usr/bin/gcc -c -g3 -gdwarf-2  conftest.c >&5
configure:7519: $? = 0
configure:7592: /usr/bin/gcc -o conftest -g3 -gdwarf-2   conftest.c  >&5
configure:7592: $? = 0
configure:7592: ./conftest
configure:7592: $? = 0
configure:7603: result: yes
configure:7699: checking for pkg-config
configure:7717: found /usr/bin/pkg-config
configure:7729: result: /usr/bin/pkg-config
configure:7754: checking pkg-config is at least version 0.9.0
configure:7757: result: yes
configure:7767: checking for PACKAGE
configure:7774: $PKG_CONFIG --exists --print-errors "$pkg_modules"
configure:7777: $? = 0
configure:7790: $PKG_CONFIG --exists --print-errors "$pkg_modules"
configure:7793: $? = 0
configure:7850: result: yes
configure:7862: checking for the ld -export-dynamic flag
configure:7876: /usr/bin/gcc -o conftest -g3 -gdwarf-2     -Wl,-export-dynamic conftest.c  >&5
configure:7876: $? = 0
configure:7883: result: yes
configure:7904: checking for sys/types.h
configure:7904: /usr/bin/gcc -c -g3 -gdwarf-2   conftest.c >&5
configure:7904: $? = 0
configure:7904: result: yes
configure:7904: checking for sys/stat.h
configure:7904: /usr/bin/gcc -c -g3 -gdwarf-2   conftest.c >&5
configure:7904: $? = 0
configure:7904: result: yes
configure:7904: checking for stdlib.h
configure:7904: /usr/bin/gcc -c -g3 -gdwarf-2   conftest.c >&5
configure:7904: $? = 0
configure:7904: result: yes
configure:7904: checking for string.h
configure:7904: /usr/bin/gcc -c -g3 -gdwarf-2   conftest.c >&5
configure:7904: $? = 0
configure:7904: result: yes
configure:7904: checking for memory.h
configure:7904: /usr/bin/gcc -c -g3 -gdwarf-2   conftest.c >&5
configure:7904: $? = 0
configure:7904: result: yes
configure:7904: checking for strings.h
configure:7904: /usr/bin/gcc -c -g3 -gdwarf-2   conftest.c >&5
configure:7904: $? = 0
configure:7904: result: yes
configure:7904: checking for inttypes.h
configure:7904: /usr/bin/gcc -c -g3 -gdwarf-2   conftest.c >&5
configure:7904: $? = 0
configure:7904: result: yes
configure:7904: checking for stdint.h
configure:7904: /usr/bin/gcc -c -g3 -gdwarf-2   conftest.c >&5
configure:7904: $? = 0
configure:7904: result: yes
configure:7904: checking for unistd.h
configure:7904: /usr/bin/gcc -c -g3 -gdwarf-2   conftest.c >&5
configure:7904: $? = 0
configure:7904: result: yes
configure:7919: checking locale.h usability
configure:7919: /usr/bin/gcc -c -g3 -gdwarf-2   conftest.c >&5
configure:7919: $? = 0
configure:7919: result: yes
configure:7919: checking locale.h presence
configure:7919: /usr/bin/gcc -E  conftest.c
configure:7919: $? = 0
configure:7919: result: yes
configure:7919: checking for locale.h
configure:7919: result: yes
configure:7930: checking for LC_MESSAGES
configure:7946: /usr/bin/gcc -o conftest -g3 -gdwarf-2     -Wl,-export-dynamic conftest.c  >&5
configure:7946: $? = 0
configure:7954: result: yes
configure:7971: checking libintl.h usability
configure:7971: /usr/bin/gcc -c -g3 -gdwarf-2   conftest.c >&5
configure:7971: $? = 0
configure:7971: result: yes
configure:7971: checking libintl.h presence
configure:7971: /usr/bin/gcc -E  conftest.c
configure:7971: $? = 0
configure:7971: result: yes
configure:7971: checking for libintl.h
configure:7971: result: yes
configure:7979: checking for ngettext in libc
configure:7997: /usr/bin/gcc -o conftest -g3 -gdwarf-2     -Wl,-export-dynamic conftest.c  >&5
configure:7997: $? = 0
configure:8006: result: yes
configure:8010: checking for dgettext in libc
configure:8028: /usr/bin/gcc -o conftest -g3 -gdwarf-2     -Wl,-export-dynamic conftest.c  >&5
configure:8028: $? = 0
configure:8037: result: yes
configure:8044: checking for bind_textdomain_codeset
configure:8044: /usr/bin/gcc -o conftest -g3 -gdwarf-2     -Wl,-export-dynamic conftest.c  >&5
configure:8044: $? = 0
configure:8044: result: yes
configure:8320: checking for msgfmt
configure:8347: result: /usr/bin/msgfmt
configure:8358: checking for dcgettext
configure:8358: /usr/bin/gcc -o conftest -g3 -gdwarf-2     -Wl,-export-dynamic conftest.c   >&5
conftest.c:52:6: warning: conflicting types for built-in function 'dcgettext' [-Wbuiltin-declaration-mismatch]
 char dcgettext ();
      ^~~~~~~~~
configure:8358: $? = 0
configure:8358: result: yes
configure:8368: checking if msgfmt accepts -c
configure:8383: $MSGFMT -c -o /dev/null conftest.foo
conftest.foo:3: warning: header field 'Language' missing in header
configure:8386: $? = 0
configure:8388: result: yes
configure:8398: checking for gmsgfmt
configure:8429: result: /usr/bin/msgfmt
configure:8439: checking for xgettext
configure:8466: result: /usr/bin/xgettext
configure:8485: /usr/bin/gcc -o conftest -g3 -gdwarf-2     -Wl,-export-dynamic conftest.c   >&5
configure:8485: $? = 0
configure:8758: creating ./config.status

## ---------------------- ##
## Running config.status. ##
## ---------------------- ##

This file was extended by configure.in config.status 1.0.20110606, which was
generated by GNU Autoconf 2.67.  Invocation command line was

  CONFIG_FILES    = 
  CONFIG_HEADERS  = 
  CONFIG_LINKS    = 
  CONFIG_COMMANDS = 
  $ ./config.status 

on Debian-OptiPlex-760

config.status:933: creating Makefile
config.status:933: creating po/Makefile.in
config.status:933: creating src/Makefile
config.status:933: creating src/net/Makefile
config.status:933: creating gnaural.desktop
config.status:933: creating config.h
config.status:1161: executing po-directories commands
config.status:1161: executing depfiles commands
config.status:1161: executing default-1 commands

## ---------------- ##
## Cache variables. ##
## ---------------- ##

ac_cv_build=x86_64-unknown-linux-gnu
ac_cv_c_compiler_gnu=yes
ac_cv_env_CC_set=set
ac_cv_env_CC_value=/usr/bin/gcc
ac_cv_env_CFLAGS_set=set
ac_cv_env_CFLAGS_value='-g3 -gdwarf-2'
ac_cv_env_CPPFLAGS_set=
ac_cv_env_CPPFLAGS_value=
ac_cv_env_CPP_set=
ac_cv_env_CPP_value=
ac_cv_env_LDFLAGS_set=
ac_cv_env_LDFLAGS_value=
ac_cv_env_LIBS_set=
ac_cv_env_LIBS_value=
ac_cv_env_PACKAGE_CFLAGS_set=
ac_cv_env_PACKAGE_CFLAGS_value=
ac_cv_env_PACKAGE_LIBS_set=
ac_cv_env_PACKAGE_LIBS_value=
ac_cv_env_PKG_CONFIG_LIBDIR_set=
ac_cv_env_PKG_CONFIG_LIBDIR_value=
ac_cv_env_PKG_CONFIG_PATH_set=
ac_cv_env_PKG_CONFIG_PATH_value=
ac_cv_env_PKG_CONFIG_set=
ac_cv_env_PKG_CONFIG_value=
ac_cv_env_build_alias_set=
ac_cv_env_build_alias_value=
ac_cv_env_host_alias_set=
ac_cv_env_host_alias_value=
ac_cv_env_target_alias_set=
ac_cv_env_target_alias_value=
ac_cv_func_bind_textdomain_codeset=yes
ac_cv_func_dcgettext=yes
ac_cv_header_inttypes_h=yes
ac_cv_header_libintl_h=yes
ac_cv_header_locale_h=yes
ac_cv_header_memory_h=yes
ac_cv_header_stdc=yes
ac_cv_header_stdint_h=yes
ac_cv_header_stdlib_h=yes
ac_cv_header_string_h=yes
ac_cv_header_strings_h=yes
ac_cv_header_sys_stat_h=yes
ac_cv_header_sys_types_h=yes
ac_cv_header_unistd_h=yes
ac_cv_host=x86_64-unknown-linux-gnu
ac_cv_objext=o
ac_cv_path_EGREP='/bin/grep -E'
ac_cv_path_GMSGFMT=/usr/bin/msgfmt
ac_cv_path_GREP=/bin/grep
ac_cv_path_MSGFMT=/usr/bin/msgfmt
ac_cv_path_MSGMERGE=/usr/bin/msgmerge
ac_cv_path_XGETTEXT=/usr/bin/xgettext
ac_cv_path_ac_pt_PKG_CONFIG=/usr/bin/pkg-config
ac_cv_path_install='/usr/bin/install -c'
ac_cv_path_mkdir=/bin/mkdir
ac_cv_prog_AWK=gawk
ac_cv_prog_CPP='/usr/bin/gcc -E'
ac_cv_prog_ac_ct_CC=/usr/bin/gcc
ac_cv_prog_cc_c89=
ac_cv_prog_cc_g=yes
ac_cv_prog_make_make_set=yes
ac_cv_search_strerror='none required'
ac_cv_target=x86_64-unknown-linux-gnu
acl_cv_hardcode_direct=no
acl_cv_hardcode_libdir_flag_spec='${wl}-rpath ${wl}$libdir'
acl_cv_hardcode_libdir_separator=
acl_cv_hardcode_minus_L=no
acl_cv_libext=a
acl_cv_libname_spec='lib$name'
acl_cv_library_names_spec='$libname$shrext'
acl_cv_path_LD=/usr/bin/ld
acl_cv_prog_gnu_ld=yes
acl_cv_rpath=done
acl_cv_shlibext=so
acl_cv_wl=-Wl,
am_cv_CC_dependencies_compiler_type=gcc3
am_cv_prog_cc_stdc=
am_cv_val_LC_MESSAGES=yes
gt_cv_func_CFLocaleCopyCurrent=no
gt_cv_func_CFPreferencesCopyAppValue=no
gt_cv_func_dgettext_libc=yes
gt_cv_func_dgettext_libintl=no
gt_cv_func_gnugettext1_libc=yes
gt_cv_func_ngettext_libc=yes
gt_cv_have_gettext=yes
pkg_cv_PACKAGE_CFLAGS='-pthread -I/usr/include/gtk-2.0 -I/usr/lib/x86_64-linux-gnu/gtk-2.0/include -I/usr/include/gio-unix-2.0/ -I/usr/include/cairo -I/usr/include/pango-1.0 -I/usr/include/atk-1.0 -I/usr/include/cairo -I/usr/include/pixman-1 -I/usr/include/libpng16 -I/usr/include/gdk-pixbuf-2.0 -I/usr/include/libpng16 -I/usr/include/pango-1.0 -I/usr/include/harfbuzz -I/usr/include/pango-1.0 -I/usr/include/freetype2 -I/usr/include/glib-2.0 -I/usr/lib/x86_64-linux-gnu/glib-2.0/include'
pkg_cv_PACKAGE_LIBS='-lgtk-x11-2.0 -lgdk-x11-2.0 -lpangocairo-1.0 -latk-1.0 -lcairo -lgdk_pixbuf-2.0 -lgio-2.0 -lpangoft2-1.0 -lpango-1.0 -lgobject-2.0 -lfontconfig -lfreetype -lgthread-2.0 -pthread -lglib-2.0 -lsndfile -lportaudio -lasound -lm -lpthread'

## ----------------- ##
## Output variables. ##
## ----------------- ##

ACLOCAL='${SHELL} /home/bbl2/src/gnaural/missing --run aclocal-1.11'
AMDEPBACKSLASH='\'
AMDEP_FALSE='#'
AMDEP_TRUE=''
AMTAR='${SHELL} /home/bbl2/src/gnaural/missing --run tar'
AUTOCONF='${SHELL} /home/bbl2/src/gnaural/missing --run autoconf'
AUTOHEADER='${SHELL} /home/bbl2/src/gnaural/missing --run autoheader'
AUTOMAKE='${SHELL} /home/bbl2/src/gnaural/missing --run automake-1.11'
AWK='gawk'
CATALOGS=''
CATOBJEXT='.gmo'
CC='/usr/bin/gcc'
CCDEPMODE='depmode=gcc3'
CFLAGS='-g3 -gdwarf-2 '
CPP='/usr/bin/gcc -E'
CPPFLAGS=''
CYGPATH_W='echo'
DATADIRNAME='share'
DEFS='-DHAVE_CONFIG_H'
DEPDIR='.deps'
ECHO_C=''
ECHO_N='-n'
ECHO_T=''
EGREP='/bin/grep -E'
EXEEXT=''
GETTEXT_MACRO_VERSION='0.18'
GETTEXT_PACKAGE='gnaural'
GMOFILES=''
GMSGFMT='/usr/bin/msgfmt'
GMSGFMT_015='/usr/bin/msgfmt'
GREP='/bin/grep'
INSTALL_DATA='${INSTALL} -m 644'
INSTALL_PROGRAM='${INSTALL}'
INSTALL_SCRIPT='${INSTALL}'
INSTALL_STRIP_PROGRAM='$(install_sh) -c -s'
INSTOBJEXT='.mo'
INTLLIBS=''
INTL_MACOSX_LIBS=''
LDFLAGS='  -Wl,-export-dynamic'
LIBICONV='-liconv'
LIBINTL=''
LIBOBJS=''
LIBS=''
LTLIBICONV='-liconv'
LTLIBINTL=''
LTLIBOBJS=''
MAINT='#'
MAINTAINER_MODE_FALSE=''
MAINTAINER_MODE_TRUE='#'
MAKEINFO='${SHELL} /home/bbl2/src/gnaural/missing --run makeinfo'
MKDIR_P='/bin/mkdir -p'
MKINSTALLDIRS='./mkinstalldirs'
MSGFMT='/usr/bin/msgfmt'
MSGFMT_015='/usr/bin/msgfmt'
MSGFMT_OPTS='-c'
MSGMERGE='/usr/bin/msgmerge'
OBJEXT='o'
PACKAGE='gnaural'
PACKAGE_BUGREPORT='http://gnaural.sourceforge.net/'
PACKAGE_CFLAGS='-pthread -I/usr/include/gtk-2.0 -I/usr/lib/x86_64-linux-gnu/gtk-2.0/include -I/usr/include/gio-unix-2.0/ -I/usr/include/cairo -I/usr/include/pango-1.0 -I/usr/include/atk-1.0 -I/usr/include/cairo -I/usr/include/pixman-1 -I/usr/include/libpng16 -I/usr/include/gdk-pixbuf-2.0 -I/usr/include/libpng16 -I/usr/include/pango-1.0 -I/usr/include/harfbuzz -I/usr/include/pango-1.0 -I/usr/include/freetype2 -I/usr/include/glib-2.0 -I/usr/lib/x86_64-linux-gnu/glib-2.0/include'
PACKAGE_DATA_DIR_USR_SHARE='/usr/share'
PACKAGE_LIBS='-lgtk-x11-2.0 -lgdk-x11-2.0 -lpangocairo-1.0 -latk-1.0 -lcairo -lgdk_pixbuf-2.0 -lgio-2.0 -lpangoft2-1.0 -lpango-1.0 -lgobject-2.0 -lfontconfig -lfreetype -lgthread-2.0 -pthread -lglib-2.0 -lsndfile -lportaudio -lasound -lm -lpthread'
PACKAGE_NAME='configure.in'
PACKAGE_STRING='configure.in 1.0.20110606'
PACKAGE_TARNAME='configure-in'
PACKAGE_URL=''
PACKAGE_VERSION='1.0.20110606'
PATH_SEPARATOR=':'
PKG_CONFIG='/usr/bin/pkg-config'
PKG_CONFIG_LIBDIR=''
PKG_CONFIG_PATH=''
POFILES=''
POSUB='po'
PO_IN_DATADIR_FALSE=''
PO_IN_DATADIR_TRUE=''
SET_MAKE=''
SHELL='/bin/bash'
STRIP=''
USE_NLS='yes'
VERSION='1.0.20110606'
XGETTEXT='/usr/bin/xgettext'
XGETTEXT_015='/usr/bin/xgettext'
XGETTEXT_EXTRA_OPTIONS=''
ac_ct_CC='/usr/bin/gcc'
am__EXEEXT_FALSE=''
am__EXEEXT_TRUE='#'
am__fastdepCC_FALSE='#'
am__fastdepCC_TRUE=''
am__include='include'
am__isrc=''
am__leading_dot='.'
am__quote=''
am__tar='${AMTAR} chof - "$$tardir"'
am__untar='${AMTAR} xf -'
bindir='${exec_prefix}/bin'
build='x86_64-unknown-linux-gnu'
build_alias=''
build_cpu='x86_64'
build_os='linux-gnu'
build_vendor='unknown'
datadir='${datarootdir}'
datarootdir='${prefix}/share'
docdir='${datarootdir}/doc/${PACKAGE_TARNAME}'
dvidir='${docdir}'
exec_prefix='${prefix}'
host='x86_64-unknown-linux-gnu'
host_alias=''
host_cpu='x86_64'
host_os='linux-gnu'
host_vendor='unknown'
htmldir='${docdir}'
includedir='${prefix}/include'
infodir='${datarootdir}/info'
install_sh='${SHELL} /home/bbl2/src/gnaural/install-sh'
libdir='${exec_prefix}/lib'
libexecdir='${exec_prefix}/libexec'
localedir='${datarootdir}/locale'
localstatedir='${prefix}/var'
mandir='${datarootdir}/man'
mkdir_p='/bin/mkdir -p'
oldincludedir='/usr/include'
pdfdir='${docdir}'
prefix='/usr/local'
program_transform_name='s,x,x,'
psdir='${docdir}'
sbindir='${exec_prefix}/sbin'
sharedstatedir='${prefix}/com'
sysconfdir='${prefix}/etc'
target='x86_64-unknown-linux-gnu'
target_alias=''
target_cpu='x86_64'
target_os='linux-gnu'
target_vendor='unknown'

## ----------- ##
## confdefs.h. ##
## ----------- ##

/* confdefs.h */
#define PACKAGE_NAME "configure.in"
#define PACKAGE_TARNAME "configure-in"
#define PACKAGE_VERSION "1.0.20110606"
#define PACKAGE_STRING "configure.in 1.0.20110606"
#define PACKAGE_BUGREPORT "http://gnaural.sourceforge.net/"
#define PACKAGE_URL ""
#define PACKAGE "gnaural"
#define VERSION "1.0.20110606"
#define ENABLE_NLS 1
#define HAVE_GETTEXT 1
#define HAVE_DCGETTEXT 1
#define STDC_HEADERS 1
#define GETTEXT_PACKAGE "gnaural"
#define HAVE_SYS_TYPES_H 1
#define HAVE_SYS_STAT_H 1
#define HAVE_STDLIB_H 1
#define HAVE_STRING_H 1
#define HAVE_MEMORY_H 1
#define HAVE_STRINGS_H 1
#define HAVE_INTTYPES_H 1
#define HAVE_STDINT_H 1
#define HAVE_UNISTD_H 1
#define HAVE_LOCALE_H 1
#define HAVE_LC_MESSAGES 1
#define HAVE_BIND_TEXTDOMAIN_CODESET 1
#define HAVE_GETTEXT 1
#define HAVE_DCGETTEXT 1
#define ENABLE_NLS 1

configure: exit 0
